<?xml version="1.0" encoding="UTF-8"?>
<!-- Generated by org.testng.reporters.JUnitReportReporter -->
<testsuite hostname="TarikJuve" failures="0" tests="1" name="com.simolaw.tests.HomePageTest" time="15.423" errors="0" timestamp="2022-07-18T09:18:04 MDT" skipped="0">
  <testcase classname="com.simolaw.tests.HomePageTest" name="HomePageTitleValid" time="15.423"/>
  <system-out/>
</testsuite> <!-- com.simolaw.tests.HomePageTest -->
