<?xml version="1.0" encoding="UTF-8"?>
<!-- Generated by org.testng.reporters.JUnitReportReporter -->
<testsuite hostname="TarikJuve" failures="0" tests="2" name="com.simolaw.tests.LoginTest" time="18.000" errors="0" timestamp="2022-07-18T09:18:05 MDT" skipped="0">
  <testcase classname="com.simolaw.tests.LoginTest" name="loginPageTitleVald" time="5.986"/>
  <system-out/>
  <testcase classname="com.simolaw.tests.LoginTest" name="loginTest" time="12.014"/>
  <system-out/>
</testsuite> <!-- com.simolaw.tests.LoginTest -->
