<?xml version="1.0" encoding="UTF-8"?>
<!-- Generated by org.testng.reporters.JUnitReportReporter -->
<testsuite hostname="TarikJuve" failures="0" tests="1" name="com.simolaw.tests.HomePageTest" time="148.401" errors="0" timestamp="2022-07-07T09:06:31 MDT" skipped="0">
  <testcase classname="com.simolaw.tests.HomePageTest" name="HomePageTitleValid" time="148.401"/>
  <system-out/>
</testsuite> <!-- com.simolaw.tests.HomePageTest -->
